#
# There is insufficient memory for the Java Runtime Environment to continue.
# Native memory allocation (malloc) failed to allocate 1301792 bytes for Chunk::new
# Possible reasons:
#   The system is out of physical RAM or swap space
#   In 32 bit mode, the process size limit was hit
# Possible solutions:
#   Reduce memory load on the system
#   Increase physical memory or swap space
#   Check if swap backing store is full
#   Use 64 bit Java on a 64 bit OS
#   Decrease Java heap size (-Xmx/-Xms)
#   Decrease number of Java threads
#   Decrease Java thread stack sizes (-Xss)
#   Set larger code cache with -XX:ReservedCodeCacheSize=
# This output file may be truncated or incomplete.
#
#  Out of Memory Error (allocation.cpp:390), pid=11980, tid=5056
#
# JRE version: Java(TM) SE Runtime Environment (8.0_74-b02) (build 1.8.0_74-b02)
# Java VM: Java HotSpot(TM) 64-Bit Server VM (25.74-b02 mixed mode windows-amd64 compressed oops)
# Failed to write core dump. Minidumps are not enabled by default on client versions of Windows
#

---------------  T H R E A D  ---------------

Current thread (0x0000000018ce8800):  JavaThread "C2 CompilerThread0" daemon [_thread_in_native, id=5056, stack(0x00000000194b0000,0x00000000195b0000)]

Stack: [0x00000000194b0000,0x00000000195b0000]
[error occurred during error reporting (printing stack bounds), id 0xc0000005]

Native frames: (J=compiled Java code, j=interpreted, Vv=VM code, C=native code)


Current CompileTask:
C2: 243835 17861       4       com.android.dx.dex.file.DebugInfoEncoder::emitLocalsAtAddress (150 bytes)


---------------  P R O C E S S  ---------------

Java Threads: ( => current thread )
  0x000000001e54a000 JavaThread "pool-139-thread-4" [_thread_in_Java, id=388, stack(0x000000003e150000,0x000000003e250000)]
  0x000000001e542800 JavaThread "pool-139-thread-3" [_thread_in_Java, id=640, stack(0x000000003e050000,0x000000003e150000)]
  0x000000001e549800 JavaThread "pool-139-thread-2" [_thread_blocked, id=7008, stack(0x000000003df50000,0x000000003e050000)]
  0x000000001e548800 JavaThread "pool-140-thread-1" [_thread_blocked, id=832, stack(0x000000003de50000,0x000000003df50000)]
  0x000000001e541000 JavaThread "pool-139-thread-1" [_thread_blocked, id=11012, stack(0x000000003dd50000,0x000000003de50000)]
  0x000000001e547000 JavaThread "pool-114-thread-1" [_thread_blocked, id=3148, stack(0x000000003dc50000,0x000000003dd50000)]
  0x000000001e548000 JavaThread "pool-136-thread-4" [_thread_in_Java, id=3472, stack(0x000000003db50000,0x000000003dc50000)]
  0x000000001e546800 JavaThread "pool-136-thread-3" [_thread_blocked, id=1724, stack(0x000000003da50000,0x000000003db50000)]
  0x000000001e540800 JavaThread "pool-136-thread-2" [_thread_blocked, id=10212, stack(0x000000003d950000,0x000000003da50000)]
  0x000000001e545800 JavaThread "pool-137-thread-1" [_thread_blocked, id=9472, stack(0x000000003d850000,0x000000003d950000)]
  0x000000001e544000 JavaThread "pool-136-thread-1" [_thread_in_Java, id=6796, stack(0x000000003d750000,0x000000003d850000)]
  0x000000001e543800 JavaThread "pool-120-thread-1" [_thread_in_Java, id=9368, stack(0x000000003c750000,0x000000003c850000)]
  0x000000001e838000 JavaThread "pool-93-thread-8" [_thread_blocked, id=2408, stack(0x0000000034e50000,0x0000000034f50000)]
  0x000000001e836800 JavaThread "pool-93-thread-7" [_thread_blocked, id=2596, stack(0x0000000034d50000,0x0000000034e50000)]
  0x000000001e83a000 JavaThread "pool-93-thread-6" [_thread_blocked, id=10412, stack(0x0000000034c50000,0x0000000034d50000)]
  0x000000001e835800 JavaThread "pool-93-thread-5" [_thread_blocked, id=11060, stack(0x0000000034b50000,0x0000000034c50000)]
  0x000000001e83b000 JavaThread "pool-93-thread-4" [_thread_blocked, id=4568, stack(0x0000000034a50000,0x0000000034b50000)]
  0x000000001e835000 JavaThread "pool-93-thread-3" [_thread_blocked, id=2948, stack(0x0000000034950000,0x0000000034a50000)]
  0x000000001e837000 JavaThread "pool-93-thread-2" [_thread_blocked, id=8488, stack(0x0000000034850000,0x0000000034950000)]
  0x000000001e82d800 JavaThread "pool-93-thread-1" [_thread_blocked, id=10468, stack(0x0000000034750000,0x0000000034850000)]
  0x000000001e831000 JavaThread "Stdin handler" [_thread_blocked, id=8676, stack(0x0000000034650000,0x0000000034750000)]
  0x000000001e833800 JavaThread "Asynchronous log dispatcher for org.gradle.launcher.daemon.server.DefaultDaemonConnection@4dc142dd" [_thread_blocked, id=3636, stack(0x0000000034550000,0x0000000034650000)]
  0x000000001e82f800 JavaThread "Cancel handler" [_thread_blocked, id=9072, stack(0x0000000034450000,0x0000000034550000)]
  0x000000001e82e000 JavaThread "Handler for socket connection from /127.0.0.1:62901 to /127.0.0.1:63245" [_thread_in_native, id=1004, stack(0x0000000034350000,0x0000000034450000)]
  0x000000001e830800 JavaThread "pool-10-thread-4" [_thread_blocked, id=3040, stack(0x000000002ab50000,0x000000002ac50000)]
  0x000000001e832000 JavaThread "pool-10-thread-1" [_thread_blocked, id=10868, stack(0x000000002aa50000,0x000000002ab50000)]
  0x000000001e834000 JavaThread "pool-10-thread-3" [_thread_blocked, id=1936, stack(0x000000002a950000,0x000000002aa50000)]
  0x000000001e82c800 JavaThread "pool-10-thread-2" [_thread_blocked, id=2580, stack(0x000000002a850000,0x000000002a950000)]
  0x000000001eb51800 JavaThread "Daemon worker Thread 2" [_thread_blocked, id=3944, stack(0x0000000025230000,0x0000000025330000)]
  0x000000001eb4d800 JavaThread "Daemon Thread 2" [_thread_blocked, id=4252, stack(0x0000000024f30000,0x0000000025030000)]
  0x000000001eb54800 JavaThread "pool-2-thread-1" [_thread_blocked, id=12240, stack(0x00000000214a0000,0x00000000215a0000)]
  0x000000001eb52000 JavaThread "File lock request listener" [_thread_in_native, id=724, stack(0x000000001cab0000,0x000000001cbb0000)]
  0x0000000019dec000 JavaThread "Incoming local TCP Connector on port 62901" [_thread_in_native, id=9176, stack(0x000000001b6c0000,0x000000001b7c0000)]
  0x000000001a965800 JavaThread "pool-1-thread-1" [_thread_blocked, id=7248, stack(0x000000001b5c0000,0x000000001b6c0000)]
  0x0000000018d11800 JavaThread "Service Thread" daemon [_thread_blocked, id=10392, stack(0x00000000198b0000,0x00000000199b0000)]
  0x0000000018cf4800 JavaThread "C1 CompilerThread3" daemon [_thread_blocked, id=5616, stack(0x00000000197b0000,0x00000000198b0000)]
  0x0000000018cf0800 JavaThread "C2 CompilerThread2" daemon [_thread_blocked, id=8260, stack(0x00000000196b0000,0x00000000197b0000)]
  0x0000000018ceb800 JavaThread "C2 CompilerThread1" daemon [_thread_in_native, id=4948, stack(0x00000000195b0000,0x00000000196b0000)]
=>0x0000000018ce8800 JavaThread "C2 CompilerThread0" daemon [_thread_in_native, id=5056, stack(0x00000000194b0000,0x00000000195b0000)]
  0x0000000018ce7000 JavaThread "Attach Listener" daemon [_thread_blocked, id=6456, stack(0x00000000193b0000,0x00000000194b0000)]
  0x0000000018ce6000 JavaThread "Signal Dispatcher" daemon [_thread_blocked, id=2816, stack(0x00000000192b0000,0x00000000193b0000)]
  0x0000000018ce0800 JavaThread "Finalizer" daemon [_thread_blocked, id=10876, stack(0x00000000190c0000,0x00000000191c0000)]
  0x0000000002f76000 JavaThread "Reference Handler" daemon [_thread_blocked, id=10972, stack(0x0000000018bc0000,0x0000000018cc0000)]
  0x000000000303d800 JavaThread "main" [_thread_blocked, id=9120, stack(0x0000000002d50000,0x0000000002e50000)]

Other Threads:
  0x0000000016df9800 VMThread [stack: 0x0000000018ac0000,0x0000000018bc0000] [id=10396]
  0x0000000018d14800 WatcherThread [stack: 0x00000000199b0000,0x0000000019ab0000] [id=4656]

VM state:at safepoint (normal execution)

VM Mutex/Monitor currently owned by a thread:  ([mutex/lock_event])
[0x000000000303ca60] Threads_lock - owner thread: 0x0000000016df9800

Heap:
 PSYoungGen      total 363520K, used 244792K [0x00000000e0000000, 0x0000000100000000, 0x0000000100000000)
  eden space 305152K, 72% used [0x00000000e0000000,0x00000000ed6d61e0,0x00000000f2a00000)
  from space 58368K, 42% used [0x00000000fc700000,0x00000000fdf38050,0x0000000100000000)
  to   space 109568K, 0% used [0x00000000f2a00000,0x00000000f2a00000,0x00000000f9500000)
 ParOldGen       total 137728K, used 137676K [0x00000000a0000000, 0x00000000a8680000, 0x00000000e0000000)
  object space 137728K, 99% used [0x00000000a0000000,0x00000000a86732c0,0x00000000a8680000)
 Metaspace       used 69770K, capacity 71848K, committed 72192K, reserved 1112064K
  class space    used 8927K, capacity 9344K, committed 9472K, reserved 1048576K

Card table byte_map: [0x0000000012400000,0x0000000012710000] byte_map_base: 0x0000000011f00000

Marking Bits: (ParMarkBitMap*) 0x0000000061860600
 Begin Bits: [0x0000000013110000, 0x0000000014910000)
 End Bits:   [0x0000000014910000, 0x0000000016110000)

Polling page: 0x0000000002e50000

CodeCache: size=245760Kb used=53732Kb max_used=53744Kb free=192027Kb
 bounds [0x0000000003040000, 0x0000000006550000, 0x0000000012040000]
 total_blobs=14874 nmethods=14125 adapters=660
 compilation: enabled

Compilation events (10 events):
Event: 243.752 Thread 0x0000000018ceb800 17841       4       com.android.dx.cf.direct.AttributeListParser::<init> (83 bytes)
Event: 243.757 Thread 0x0000000018ceb800 nmethod 17841 0x0000000003edd650 code [0x0000000003edd7c0, 0x0000000003eddb78]
Event: 243.757 Thread 0x0000000018ceb800 17976       4       com.android.dx.rop.cst.CstString::equals (24 bytes)
Event: 243.757 Thread 0x0000000018cf4800 18012       3       com.android.dx.dex.file.DebugInfoEncoder::emitPositionsAtAddress (48 bytes)
Event: 243.758 Thread 0x0000000018cf4800 nmethod 18012 0x0000000004d5ce90 code [0x0000000004d5d0a0, 0x0000000004d5dc88]
Event: 243.759 Thread 0x0000000018ceb800 nmethod 17976 0x0000000004c25450 code [0x0000000004c255a0, 0x0000000004c25718]
Event: 243.759 Thread 0x0000000018ceb800 18013       4       com.android.dx.dex.file.DebugInfoEncoder::convert0 (246 bytes)
Event: 243.780 Thread 0x0000000018cf4800 18016 %     3       com.android.dx.util.Bits::bitCount @ 7 (29 bytes)
Event: 243.780 Thread 0x0000000018cf4800 nmethod 18016% 0x0000000004d5c890 code [0x0000000004d5ca00, 0x0000000004d5ccc8]
Event: 243.807 Thread 0x0000000018cf4800 18017       3       com.android.dx.ssa.NormalSsaInsn::changeOneSource (120 bytes)

GC Heap History (10 events):
Event: 236.757 GC heap before
{Heap before GC invocations=36 (full 11):
 PSYoungGen      total 462848K, used 424506K [0x00000000e0000000, 0x00000000ffb00000, 0x0000000100000000)
  eden space 411648K, 100% used [0x00000000e0000000,0x00000000f9200000,0x00000000f9200000)
  from space 51200K, 25% used [0x00000000fc900000,0x00000000fd58e980,0x00000000ffb00000)
  to   space 53760K, 0% used [0x00000000f9200000,0x00000000f9200000,0x00000000fc680000)
 ParOldGen       total 137728K, used 41167K [0x00000000a0000000, 0x00000000a8680000, 0x00000000e0000000)
  object space 137728K, 29% used [0x00000000a0000000,0x00000000a2833e28,0x00000000a8680000)
 Metaspace       used 69478K, capacity 71556K, committed 71808K, reserved 1112064K
  class space    used 8876K, capacity 9318K, committed 9344K, reserved 1048576K
Event: 236.809 GC heap after
Heap after GC invocations=36 (full 11):
 PSYoungGen      total 465408K, used 8420K [0x00000000e0000000, 0x00000000ffe80000, 0x0000000100000000)
  eden space 411648K, 0% used [0x00000000e0000000,0x00000000e0000000,0x00000000f9200000)
  from space 53760K, 15% used [0x00000000f9200000,0x00000000f9a390a0,0x00000000fc680000)
  to   space 51712K, 0% used [0x00000000fcc00000,0x00000000fcc00000,0x00000000ffe80000)
 ParOldGen       total 137728K, used 41175K [0x00000000a0000000, 0x00000000a8680000, 0x00000000e0000000)
  object space 137728K, 29% used [0x00000000a0000000,0x00000000a2835e28,0x00000000a8680000)
 Metaspace       used 69478K, capacity 71556K, committed 71808K, reserved 1112064K
  class space    used 8876K, capacity 9318K, committed 9344K, reserved 1048576K
}
Event: 240.262 GC heap before
{Heap before GC invocations=37 (full 11):
 PSYoungGen      total 465408K, used 420068K [0x00000000e0000000, 0x00000000ffe80000, 0x0000000100000000)
  eden space 411648K, 100% used [0x00000000e0000000,0x00000000f9200000,0x00000000f9200000)
  from space 53760K, 15% used [0x00000000f9200000,0x00000000f9a390a0,0x00000000fc680000)
  to   space 51712K, 0% used [0x00000000fcc00000,0x00000000fcc00000,0x00000000ffe80000)
 ParOldGen       total 137728K, used 41175K [0x00000000a0000000, 0x00000000a8680000, 0x00000000e0000000)
  object space 137728K, 29% used [0x00000000a0000000,0x00000000a2835e28,0x00000000a8680000)
 Metaspace       used 69822K, capacity 71956K, committed 72192K, reserved 1112064K
  class space    used 8937K, capacity 9384K, committed 9472K, reserved 1048576K
Event: 240.312 GC heap after
Heap after GC invocations=37 (full 11):
 PSYoungGen      total 459264K, used 44754K [0x00000000e0000000, 0x0000000100000000, 0x0000000100000000)
  eden space 407552K, 0% used [0x00000000e0000000,0x00000000e0000000,0x00000000f8e00000)
  from space 51712K, 86% used [0x00000000fcc00000,0x00000000ff7b48c0,0x00000000ffe80000)
  to   space 58368K, 0% used [0x00000000f8e00000,0x00000000f8e00000,0x00000000fc700000)
 ParOldGen       total 137728K, used 41175K [0x00000000a0000000, 0x00000000a8680000, 0x00000000e0000000)
  object space 137728K, 29% used [0x00000000a0000000,0x00000000a2835e28,0x00000000a8680000)
 Metaspace       used 69822K, capacity 71956K, committed 72192K, reserved 1112064K
  class space    used 8937K, capacity 9384K, committed 9472K, reserved 1048576K
}
Event: 240.875 GC heap before
{Heap before GC invocations=38 (full 11):
 PSYoungGen      total 459264K, used 452306K [0x00000000e0000000, 0x0000000100000000, 0x0000000100000000)
  eden space 407552K, 100% used [0x00000000e0000000,0x00000000f8e00000,0x00000000f8e00000)
  from space 51712K, 86% used [0x00000000fcc00000,0x00000000ff7b48c0,0x00000000ffe80000)
  to   space 58368K, 0% used [0x00000000f8e00000,0x00000000f8e00000,0x00000000fc700000)
 ParOldGen       total 137728K, used 41175K [0x00000000a0000000, 0x00000000a8680000, 0x00000000e0000000)
  object space 137728K, 29% used [0x00000000a0000000,0x00000000a2835e28,0x00000000a8680000)
 Metaspace       used 69827K, capacity 71956K, committed 72192K, reserved 1112064K
  class space    used 8937K, capacity 9384K, committed 9472K, reserved 1048576K
Event: 241.006 GC heap after
Heap after GC invocations=38 (full 11):
 PSYoungGen      total 465920K, used 58343K [0x00000000e0000000, 0x0000000100000000, 0x0000000100000000)
  eden space 407552K, 0% used [0x00000000e0000000,0x00000000e0000000,0x00000000f8e00000)
  from space 58368K, 99% used [0x00000000f8e00000,0x00000000fc6f9dd8,0x00000000fc700000)
  to   space 58368K, 0% used [0x00000000fc700000,0x00000000fc700000,0x0000000100000000)
 ParOldGen       total 137728K, used 86156K [0x00000000a0000000, 0x00000000a8680000, 0x00000000e0000000)
  object space 137728K, 62% used [0x00000000a0000000,0x00000000a54231f8,0x00000000a8680000)
 Metaspace       used 69827K, capacity 71956K, committed 72192K, reserved 1112064K
  class space    used 8937K, capacity 9384K, committed 9472K, reserved 1048576K
}
Event: 241.824 GC heap before
{Heap before GC invocations=39 (full 11):
 PSYoungGen      total 465920K, used 465895K [0x00000000e0000000, 0x0000000100000000, 0x0000000100000000)
  eden space 407552K, 100% used [0x00000000e0000000,0x00000000f8e00000,0x00000000f8e00000)
  from space 58368K, 99% used [0x00000000f8e00000,0x00000000fc6f9dd8,0x00000000fc700000)
  to   space 58368K, 0% used [0x00000000fc700000,0x00000000fc700000,0x0000000100000000)
 ParOldGen       total 137728K, used 86156K [0x00000000a0000000, 0x00000000a8680000, 0x00000000e0000000)
  object space 137728K, 62% used [0x00000000a0000000,0x00000000a54231f8,0x00000000a8680000)
 Metaspace       used 69830K, capacity 71956K, committed 72192K, reserved 1112064K
  class space    used 8937K, capacity 9384K, committed 9472K, reserved 1048576K
Event: 241.982 GC heap after
Heap after GC invocations=39 (full 11):
 PSYoungGen      total 363520K, used 58359K [0x00000000e0000000, 0x0000000100000000, 0x0000000100000000)
  eden space 305152K, 0% used [0x00000000e0000000,0x00000000e0000000,0x00000000f2a00000)
  from space 58368K, 99% used [0x00000000fc700000,0x00000000ffffdcb8,0x0000000100000000)
  to   space 109568K, 0% used [0x00000000f2a00000,0x00000000f2a00000,0x00000000f9500000)
 ParOldGen       total 137728K, used 136040K [0x00000000a0000000, 0x00000000a8680000, 0x00000000e0000000)
  object space 137728K, 98% used [0x00000000a0000000,0x00000000a84da138,0x00000000a8680000)
 Metaspace       used 69830K, capacity 71956K, committed 72192K, reserved 1112064K
  class space    used 8937K, capacity 9384K, committed 9472K, reserved 1048576K
}
Event: 241.982 GC heap before
{Heap before GC invocations=40 (full 12):
 PSYoungGen      total 363520K, used 58359K [0x00000000e0000000, 0x0000000100000000, 0x0000000100000000)
  eden space 305152K, 0% used [0x00000000e0000000,0x00000000e0000000,0x00000000f2a00000)
  from space 58368K, 99% used [0x00000000fc700000,0x00000000ffffdcb8,0x0000000100000000)
  to   space 109568K, 0% used [0x00000000f2a00000,0x00000000f2a00000,0x00000000f9500000)
 ParOldGen       total 137728K, used 136040K [0x00000000a0000000, 0x00000000a8680000, 0x00000000e0000000)
  object space 137728K, 98% used [0x00000000a0000000,0x00000000a84da138,0x00000000a8680000)
 Metaspace       used 69830K, capacity 71956K, committed 72192K, reserved 1112064K
  class space    used 8937K, capacity 9384K, committed 9472K, reserved 1048576K
Event: 242.971 GC heap after
Heap after GC invocations=40 (full 12):
 PSYoungGen      total 363520K, used 24800K [0x00000000e0000000, 0x0000000100000000, 0x0000000100000000)
  eden space 305152K, 0% used [0x00000000e0000000,0x00000000e0000000,0x00000000f2a00000)
  from space 58368K, 42% used [0x00000000fc700000,0x00000000fdf38050,0x0000000100000000)
  to   space 109568K, 0% used [0x00000000f2a00000,0x00000000f2a00000,0x00000000f9500000)
 ParOldGen       total 137728K, used 137676K [0x00000000a0000000, 0x00000000a8680000, 0x00000000e0000000)
  object space 137728K, 99% used [0x00000000a0000000,0x00000000a86732c0,0x00000000a8680000)
 Metaspace       used 69755K, capacity 71848K, committed 72192K, reserved 1112064K
  class space    used 8926K, capacity 9344K, committed 9472K, reserved 1048576K
}

Deoptimization events (10 events):
Event: 241.141 Thread 0x000000001e540800 Uncommon trap: reason=class_check action=maybe_recompile pc=0x00000000059d4ae8 method=com.android.dx.ssa.back.FirstFitLocalCombiningAllocator.findNextUnreservedRopReg(IILcom/android/dx/ssa/back/FirstFitLocalCombiningAllocator$Alignment;)I @ 60
Event: 241.145 Thread 0x000000001e540800 Uncommon trap: reason=class_check action=maybe_recompile pc=0x000000000599fdd4 method=com.android.dx.ssa.back.FirstFitLocalCombiningAllocator.findNextUnreservedRopReg(IILcom/android/dx/ssa/back/FirstFitLocalCombiningAllocator$Alignment;)I @ 60
Event: 241.254 Thread 0x000000001e542800 Uncommon trap: reason=unstable_if action=reinterpret pc=0x0000000005f3fbdc method=com.android.dx.cf.code.Ropper.getFirstTempStackReg()I @ 9
Event: 241.319 Thread 0x000000001e542800 Uncommon trap: reason=unstable_if action=reinterpret pc=0x0000000005599bb8 method=com.android.dx.ssa.SsaMethod.makeExitBlock()V @ 103
Event: 241.319 Thread 0x000000001e542800 Uncommon trap: reason=unstable_if action=reinterpret pc=0x0000000005ab8270 method=com.android.dx.ssa.back.SsaToRop.convertBasicBlocks()Lcom/android/dx/rop/code/BasicBlockList; @ 33
Event: 241.319 Thread 0x000000001e542800 Uncommon trap: reason=unstable_if action=reinterpret pc=0x0000000005996b24 method=com.android.dx.ssa.back.SsaToRop.convertBasicBlock(Lcom/android/dx/ssa/SsaBasicBlock;)Lcom/android/dx/rop/code/BasicBlock; @ 21
Event: 241.567 Thread 0x000000001e540800 Uncommon trap: reason=class_check action=maybe_recompile pc=0x0000000005aec258 method=com.android.dx.ssa.ConstCollector.getConstsSortedByCountUse()Ljava/util/ArrayList; @ 282
Event: 241.795 Thread 0x000000001e540800 Uncommon trap: reason=bimorphic action=maybe_recompile pc=0x00000000064b8250 method=com.android.dx.cf.code.BytecodeArray.parseInstruction(ILcom/android/dx/cf/code/BytecodeArray$Visitor;)I @ 1287
Event: 241.797 Thread 0x000000001e54e800 Uncommon trap: reason=bimorphic action=maybe_recompile pc=0x00000000064b8250 method=com.android.dx.cf.code.BytecodeArray.parseInstruction(ILcom/android/dx/cf/code/BytecodeArray$Visitor;)I @ 1287
Event: 243.230 Thread 0x000000001e542800 Uncommon trap: reason=class_check action=maybe_recompile pc=0x0000000005aec258 method=com.android.dx.ssa.ConstCollector.getConstsSortedByCountUse()Ljava/util/ArrayList; @ 282

Internal exceptions (10 events):
Event: 197.418 Thread 0x000000001eb4d800 Exception <a 'java/lang/NoSuchMethodError': <clinit>> (0x00000000e0428388) thrown at [C:\re\workspace\8-2-build-windows-amd64-cygwin\jdk8u74\6087\hotspot\src\share\vm\prims\jni.cpp, line 1591]
Event: 197.419 Thread 0x000000001eb4d800 Exception <a 'java/lang/NoSuchMethodError': <clinit>> (0x00000000e0431f98) thrown at [C:\re\workspace\8-2-build-windows-amd64-cygwin\jdk8u74\6087\hotspot\src\share\vm\prims\jni.cpp, line 1591]
Event: 197.419 Thread 0x000000001eb4d800 Exception <a 'java/lang/NoSuchMethodError': <clinit>> (0x00000000e043adc8) thrown at [C:\re\workspace\8-2-build-windows-amd64-cygwin\jdk8u74\6087\hotspot\src\share\vm\prims\jni.cpp, line 1591]
Event: 224.893 Thread 0x000000001eb51800 Exception <a 'java/lang/ClassNotFoundException': asLocalRepo461_aoz3vti8r0nz1p6hjfjpb8fb7BeanInfo> (0x00000000e0c84f08) thrown at [C:\re\workspace\8-2-build-windows-amd64-cygwin\jdk8u74\6087\hotspot\src\share\vm\classfile\systemDictionary.cpp, line 210]
Event: 224.893 Thread 0x000000001eb51800 Exception <a 'java/lang/ClassNotFoundException': asLocalRepo461_aoz3vti8r0nz1p6hjfjpb8fb7Customizer> (0x00000000e0c8ea88) thrown at [C:\re\workspace\8-2-build-windows-amd64-cygwin\jdk8u74\6087\hotspot\src\share\vm\classfile\systemDictionary.cpp, line 210]
Event: 225.756 Thread 0x000000001eb51800 Exception <a 'sun/nio/fs/WindowsException'> (0x00000000e518fd00) thrown at [C:\re\workspace\8-2-build-windows-amd64-cygwin\jdk8u74\6087\hotspot\src\share\vm\prims\jni.cpp, line 709]
Event: 232.627 Thread 0x000000001eb51800 Implicit null exception at 0x0000000005ef02c3 to 0x0000000005ef07e1
Event: 235.490 Thread 0x000000001eb51800 Implicit null exception at 0x0000000004d4596c to 0x0000000004d46c6d
Event: 235.490 Thread 0x000000001eb51800 Implicit null exception at 0x0000000004ea958e to 0x0000000004ea9821
Event: 241.319 Thread 0x000000001e542800 Implicit null exception at 0x0000000005ab4c7c to 0x0000000005ab8255

Events (10 events):
Event: 243.353 Thread 0x000000001e82c800 DEOPT UNPACKING pc=0x000000000308787f sp=0x000000002a94dfc0 mode 0
Event: 243.357 Thread 0x000000001e545000 Thread exited: 0x000000001e545000
Event: 243.383 Thread 0x000000001e547000 Thread added: 0x000000001e547000
Event: 243.525 Thread 0x000000001e541000 Thread added: 0x000000001e541000
Event: 243.525 Thread 0x000000001e548800 Thread added: 0x000000001e548800
Event: 243.526 Thread 0x000000001e549800 Thread added: 0x000000001e549800
Event: 243.526 Thread 0x000000001e542800 Thread added: 0x000000001e542800
Event: 243.527 Thread 0x000000001e54a000 Thread added: 0x000000001e54a000
Event: 243.669 loading class com/android/dx/rop/code/RegisterSpecList$1
Event: 243.669 loading class com/android/dx/rop/code/RegisterSpecList$1 done


Dynamic libraries:
0x00007ff628e10000 - 0x00007ff628e47000 	C:\Program Files\Java\jdk1.8.0_74\bin\java.exe
0x00007ffc52e20000 - 0x00007ffc52ff1000 	C:\WINDOWS\SYSTEM32\ntdll.dll
0x00007ffc51e90000 - 0x00007ffc51f3b000 	C:\WINDOWS\System32\KERNEL32.DLL
0x00007ffc4fe20000 - 0x00007ffc5003d000 	C:\WINDOWS\System32\KERNELBASE.dll
0x00007ffc52440000 - 0x00007ffc524e2000 	C:\WINDOWS\System32\ADVAPI32.dll
0x00007ffc52340000 - 0x00007ffc523de000 	C:\WINDOWS\System32\msvcrt.dll
0x00007ffc51df0000 - 0x00007ffc51e49000 	C:\WINDOWS\System32\sechost.dll
0x00007ffc529c0000 - 0x00007ffc52ae1000 	C:\WINDOWS\System32\RPCRT4.dll
0x00007ffc51c10000 - 0x00007ffc51d75000 	C:\WINDOWS\System32\USER32.dll
0x00007ffc50390000 - 0x00007ffc503ae000 	C:\WINDOWS\System32\win32u.dll
0x00007ffc51e50000 - 0x00007ffc51e84000 	C:\WINDOWS\System32\GDI32.dll
0x00007ffc500f0000 - 0x00007ffc50272000 	C:\WINDOWS\System32\gdi32full.dll
0x00007ffc46ed0000 - 0x00007ffc47149000 	C:\WINDOWS\WinSxS\amd64_microsoft.windows.common-controls_6595b64144ccf1df_6.0.14393.447_none_42191651c6827bb3\COMCTL32.dll
0x00007ffc52b50000 - 0x00007ffc52e17000 	C:\WINDOWS\System32\combase.dll
0x00007ffc4fd20000 - 0x00007ffc4fe15000 	C:\WINDOWS\System32\ucrtbase.dll
0x00007ffc50320000 - 0x00007ffc5038a000 	C:\WINDOWS\System32\bcryptPrimitives.dll
0x00007ffc52310000 - 0x00007ffc5233e000 	C:\WINDOWS\System32\IMM32.DLL
0x00000000618e0000 - 0x00000000619b2000 	C:\Program Files\Java\jdk1.8.0_74\jre\bin\msvcr100.dll
0x0000000061050000 - 0x00000000618e0000 	C:\Program Files\Java\jdk1.8.0_74\jre\bin\server\jvm.dll
0x00007ffc529b0000 - 0x00007ffc529b8000 	C:\WINDOWS\System32\PSAPI.DLL
0x00007ffc4c640000 - 0x00007ffc4c649000 	C:\WINDOWS\SYSTEM32\WSOCK32.dll
0x00007ffc4d230000 - 0x00007ffc4d253000 	C:\WINDOWS\SYSTEM32\WINMM.dll
0x00007ffc4a680000 - 0x00007ffc4a68a000 	C:\WINDOWS\SYSTEM32\VERSION.dll
0x00007ffc51d80000 - 0x00007ffc51dea000 	C:\WINDOWS\System32\WS2_32.dll
0x00007ffc4d1d0000 - 0x00007ffc4d1fb000 	C:\WINDOWS\SYSTEM32\WINMMBASE.dll
0x00007ffc4f310000 - 0x00007ffc4f352000 	C:\WINDOWS\System32\cfgmgr32.dll
0x0000000062880000 - 0x000000006288f000 	C:\Program Files\Java\jdk1.8.0_74\jre\bin\verify.dll
0x0000000062850000 - 0x0000000062879000 	C:\Program Files\Java\jdk1.8.0_74\jre\bin\java.dll
0x0000000062680000 - 0x0000000062696000 	C:\Program Files\Java\jdk1.8.0_74\jre\bin\zip.dll
0x00007ffc503b0000 - 0x00007ffc518b9000 	C:\WINDOWS\System32\SHELL32.dll
0x00007ffc4f5e0000 - 0x00007ffc4fcba000 	C:\WINDOWS\System32\windows.storage.dll
0x00007ffc4f2c0000 - 0x00007ffc4f30c000 	C:\WINDOWS\System32\powrprof.dll
0x00007ffc52af0000 - 0x00007ffc52b42000 	C:\WINDOWS\System32\shlwapi.dll
0x00007ffc4f2b0000 - 0x00007ffc4f2bf000 	C:\WINDOWS\System32\kernel.appcore.dll
0x00007ffc50040000 - 0x00007ffc500e9000 	C:\WINDOWS\System32\shcore.dll
0x00007ffc4f280000 - 0x00007ffc4f294000 	C:\WINDOWS\System32\profapi.dll
0x0000000062660000 - 0x000000006267a000 	C:\Program Files\Java\jdk1.8.0_74\jre\bin\net.dll
0x00007ffc4eae0000 - 0x00007ffc4eb3c000 	C:\WINDOWS\system32\mswsock.dll
0x0000000062640000 - 0x0000000062651000 	C:\Program Files\Java\jdk1.8.0_74\jre\bin\nio.dll
0x00007ffc41d00000 - 0x00007ffc41d12000 	C:\Users\Burki\.gradle\native\19\windows-amd64\native-platform.dll
0x00007ffc4ed50000 - 0x00007ffc4ed67000 	C:\WINDOWS\SYSTEM32\CRYPTSP.dll
0x00007ffc4ec60000 - 0x00007ffc4ec93000 	C:\WINDOWS\system32\rsaenh.dll
0x00007ffc4ee60000 - 0x00007ffc4ee8b000 	C:\WINDOWS\SYSTEM32\bcrypt.dll
0x00007ffc4e960000 - 0x00007ffc4e97f000 	C:\WINDOWS\SYSTEM32\USERENV.dll
0x00007ffc4ed70000 - 0x00007ffc4ed7b000 	C:\WINDOWS\SYSTEM32\CRYPTBASE.dll
0x00007ffc4e870000 - 0x00007ffc4e8a8000 	C:\WINDOWS\SYSTEM32\IPHLPAPI.DLL
0x00007ffc51c00000 - 0x00007ffc51c08000 	C:\WINDOWS\System32\NSI.dll
0x00007ffc45db0000 - 0x00007ffc45dc6000 	C:\WINDOWS\SYSTEM32\dhcpcsvc6.DLL
0x00007ffc45d90000 - 0x00007ffc45daa000 	C:\WINDOWS\SYSTEM32\dhcpcsvc.DLL
0x0000000062630000 - 0x000000006263d000 	C:\Program Files\Java\jdk1.8.0_74\jre\bin\management.dll

VM Arguments:
jvm_args: -Xmx1536m -Dfile.encoding=windows-1254 -Duser.country=US -Duser.language=en -Duser.variant 
java_command: org.gradle.launcher.daemon.bootstrap.GradleDaemon 2.14.1
java_class_path (initial): C:\Program Files\Android\Android Studio\gradle\gradle-2.14.1\lib\gradle-launcher-2.14.1.jar
Launcher Type: SUN_STANDARD

Environment Variables:
JAVA_HOME=C:\Program Files\Java\jdk1.8.0_74
PATH=C:\Program Files (x86)\Rockwell Software\RSCommon;C:\Program Files (x86)\Intel\iCLS Client\;C:\Program Files\Intel\iCLS Client\;C:\ProgramData\Oracle\Java\javapath;C:\Windows\system32;C:\Windows;C:\Windows\System32\Wbem;C:\Windows\System32\WindowsPowerShell\v1.0\;C:\Program Files (x86)\NVIDIA Corporation\PhysX\Common;C:\Program Files (x86)\Skype\Phone\;C:\Program Files\Java\jdk1.8.0_74;C:\Program Files\Java\jdk1.8.0_74\bin;C:\Program Files\Java\jre1.8.0_101;C:\Program Files\Java\jre1.8.0_101\bin;C:\Program Files (x86)\Intel\Intel(R) Management Engine Components\DAL;C:\Program Files\Intel\Intel(R) Management Engine Components\DAL;C:\Program Files (x86)\Intel\Intel(R) Management Engine Components\IPT;C:\Program Files\Intel\Intel(R) Management Engine Components\IPT;C:\Program Files (x86)\PuTTY\;C:\Program Files\Intel\WiFi\bin\;C:\Program Files\Common Files\Intel\WirelessCommon\;D:\Program Files\Git\cmd;C:\WINDOWS\system32;C:\WINDOWS;C:\WINDOWS\System32\Wbem;C:\WINDOWS\System32\WindowsPowerShell\v1.0\;C:\Users\Burki\AppData\Local\Programs\Python\Python35\Lib;C:\Users\Burki\AppData\Local\Programs\Python\Python35\Scripts\;C:\Users\Burki\AppData\Local\Programs\Python\Python35\Scripts\;C:\Users\Burki\AppData\Local\Programs\Python\Python35\;C:\Program Files (x86)\Microsoft VS Code\bin;C:\Program Files\Intel\WiFi\bin\;C:\Program Files\Common Files\Intel\WirelessCommon\;C:\Users\Burki\AppData\Local\Microsoft\WindowsApps;C:\Users\Burki\AppData\Local\Programs\Python\Python35\Lib
USERNAME=Burki
OS=Windows_NT
PROCESSOR_IDENTIFIER=Intel64 Family 6 Model 94 Stepping 3, GenuineIntel



---------------  S Y S T E M  ---------------

OS: Windows 10.0 , 64 bit Build 14393 (10.0.14393.0)

CPU:total 8 (4 cores per cpu, 2 threads per core) family 6 model 94 stepping 3, cmov, cx8, fxsr, mmx, sse, sse2, sse3, ssse3, sse4.1, sse4.2, popcnt, avx, avx2, aes, clmul, erms, rtm, 3dnowpref, lzcnt, ht, tsc, tscinvbit, bmi1, bmi2, adx

Memory: 4k page, physical 8258516k(1511460k free), swap 10355668k(6212k free)

vm_info: Java HotSpot(TM) 64-Bit Server VM (25.74-b02) for windows-amd64 JRE (1.8.0_74-b02), built on Jan 29 2016 17:42:36 by "java_re" with MS VC++ 10.0 (VS2010)

time: Thu Nov 17 03:50:11 2016
elapsed time: 243 seconds (0d 0h 4m 3s)

